<?xml version="1.0" encoding="UTF-8"?>
<!-- Generated by org.testng.reporters.JUnitReportReporter -->
<testsuite hostname="DEG0JSJX1" name="Steelcase.SikuliDemo.SikuliDemo_TestNG" tests="1" failures="0" timestamp="28 Feb 2017 16:15:57 GMT" time="27.129" errors="0">
  <testcase name="main" time="27.129" classname="Steelcase.SikuliDemo.SikuliDemo_TestNG"/>
</testsuite> <!-- Steelcase.SikuliDemo.SikuliDemo_TestNG -->
