<?xml version="1.0" encoding="UTF-8"?>
<!-- Generated by org.testng.reporters.JUnitReportReporter -->
<testsuite hostname="DEG4TSSF2" name="Steelcase.SikuliDemo.SikuliDemo_TestNG" tests="1" failures="0" timestamp="27 Mar 2017 19:19:36 GMT" time="9.712" errors="0">
  <testcase name="main" time="9.712" classname="Steelcase.SikuliDemo.SikuliDemo_TestNG"/>
</testsuite> <!-- Steelcase.SikuliDemo.SikuliDemo_TestNG -->
