<?xml version="1.0" encoding="UTF-8"?>
<!-- Generated by org.testng.reporters.JUnitReportReporter -->
<testsuite hostname="DEG0JSJX1" name="Steelcase.SikuliDemo.SikuliDemo_TestNG" tests="1" failures="0" timestamp="8 Mar 2017 19:54:16 GMT" time="13.004" errors="0">
  <testcase name="main" time="13.004" classname="Steelcase.SikuliDemo.SikuliDemo_TestNG"/>
</testsuite> <!-- Steelcase.SikuliDemo.SikuliDemo_TestNG -->
