<?xml version="1.0" encoding="UTF-8"?>
<!-- Generated by org.testng.reporters.JUnitReportReporter -->
<testsuite hostname="DEG4TSSF2" name="Steelcase.SikuliDemo.SikuliDemo_TestNG" tests="1" failures="0" timestamp="27 Mar 2017 18:08:01 GMT" time="5.687" errors="0">
  <testcase name="main" time="5.687" classname="Steelcase.SikuliDemo.SikuliDemo_TestNG"/>
</testsuite> <!-- Steelcase.SikuliDemo.SikuliDemo_TestNG -->
